This is e-pTeX, Version 3.141592653-p3.9.0-210218-2.6 (utf8.sjis) (TeX Live 2021/W32TeX) (preloaded format=platex 2021.12.6)  7 DEC 2021 14:56
entering extended mode
 restricted \write18 enabled.
 %&-line parsing enabled.
**report.tex
(c:/texlive/2021/texmf-dist/tex/latex/tools/x.tex
pLaTeX2e <2021-06-01>+2 (based on LaTeX2e <2021-11-15>)
L3 programming layer <2021-11-22>
! .
l.38   \batchmode \errmessage{}
                               \csname @@end\endcsname \end
This error message was generated by an \errmessage
command, so I can't give any explicit help.
Pretend that you're Hercule Poirot: Examine all clues,
and deduce the truth by order and method.

 ) 
Here is how much of TeX's memory you used:
 19 strings out of 478816
 438 string characters out of 5863667
 302228 words of memory out of 5000000
 18470 multiletter control sequences out of 15000+600000
 407301 words of font info for 44 fonts, out of 8000000 for 9000
 929 hyphenation exceptions out of 8191
 15i,0n,23p,90b,18s stack positions out of 5000i,500n,10000p,200000b,80000s

No pages of output.
